{
  "RSpec": {
    "coverage": {
      "/Users/richardturney/Documents/Projects/Code_Wars/MPG_to_KPL/spec/converter_spec.rb": {
        "lines": [
          1,
          null,
          1,
          null,
          1,
          1,
          null,
          null
        ]
      },
      "/Users/richardturney/Documents/Projects/Code_Wars/MPG_to_KPL/lib/converter.rb": {
        "lines": [
          null,
          1,
          1,
          null
        ]
      }
    },
    "timestamp": 1617113735
  }
}
